<?xml version="1.0" encoding="UTF-8"?>
<!-- Generated by org.testng.reporters.JUnitReportReporter -->
<testsuite hostname="Rupesh" failures="0" tests="1" name="testNGPractice.Practice1" time="0.004" errors="0" timestamp="2022-08-02T17:24:36 IST" skipped="0">
  <testcase classname="testNGPractice.Practice1" name="method1" time="0.004"/>
  <system-out/>
</testsuite> <!-- testNGPractice.Practice1 -->
